i18next.min.js:1 i18next: languageChanged fr
i18next.min.js:1 i18next: initialized {debug: true, initAsync: true, ns: Array(1), defaultNS: Array(1), fallbackLng: Array(1), …}
i18next.min.js:1 i18next::translator: missingKey fr translation nav.home nav.home
i18next.min.js:1 i18next::translator: missingKey fr translation nav.services nav.services
i18next.min.js:1 i18next::translator: missingKey fr translation nav.about nav.about
i18next.min.js:1 i18next::translator: missingKey fr translation nav.gallery nav.gallery
i18next.min.js:1 i18next::translator: missingKey fr translation nav.booking nav.booking
i18next.min.js:1 i18next::translator: missingKey fr translation nav.contact nav.contact
i18next.min.js:1 i18next::translator: missingKey fr translation hero.title hero.title
i18next.min.js:1 i18next::translator: missingKey fr translation hero.subtitle hero.subtitle
i18next.min.js:1 i18next::translator: missingKey fr translation hero.cta_button hero.cta_button
i18next.min.js:1 i18next::translator: missingKey fr translation services.section_title services.section_title
i18next.min.js:1 i18next::translator: missingKey fr translation services.cover_title services.cover_title
i18next.min.js:1 i18next::translator: missingKey fr translation services.cover_text services.cover_text
i18next.min.js:1 i18next::translator: missingKey fr translation services.service1_title services.service1_title
i18next.min.js:1 i18next::translator: missingKey fr translation services.service1_desc services.service1_desc
i18next.min.js:1 i18next::translator: missingKey fr translation services.service1_feature1 services.service1_feature1
i18next.min.js:1 i18next::translator: missingKey fr translation services.service1_feature2 services.service1_feature2
i18next.min.js:1 i18next::translator: missingKey fr translation services.service1_feature3 services.service1_feature3
i18next.min.js:1 i18next::translator: missingKey fr translation services.service2_title services.service2_title
i18next.min.js:1 i18next::translator: missingKey fr translation services.service2_desc services.service2_desc
i18next.min.js:1 i18next::translator: missingKey fr translation services.service2_feature1 services.service2_feature1
i18next.min.js:1 i18next::translator: missingKey fr translation services.service2_feature2 services.service2_feature2
i18next.min.js:1 i18next::translator: missingKey fr translation services.service2_feature3 services.service2_feature3
i18next.min.js:1 i18next::translator: missingKey fr translation services.service3_title services.service3_title
i18next.min.js:1 i18next::translator: missingKey fr translation services.service3_desc services.service3_desc
i18next.min.js:1 i18next::translator: missingKey fr translation services.service3_feature1 services.service3_feature1
i18next.min.js:1 i18next::translator: missingKey fr translation services.service3_feature2 services.service3_feature2
i18next.min.js:1 i18next::translator: missingKey fr translation services.service3_feature3 services.service3_feature3
i18next.min.js:1 i18next::translator: missingKey fr translation services.page4_title services.page4_title
i18next.min.js:1 i18next::translator: missingKey fr translation services.page4_desc services.page4_desc
i18next.min.js:1 i18next::translator: missingKey fr translation services.page4_cta services.page4_cta
i18next.min.js:1 i18next::translator: missingKey fr translation about.section_title about.section_title
i18next.min.js:1 i18next::translator: missingKey fr translation about.p1 about.p1
i18next.min.js:1 i18next::translator: missingKey fr translation about.p2 about.p2
i18next.min.js:1 i18next::translator: missingKey fr translation about.p3 about.p3
i18next.min.js:1 i18next::translator: missingKey fr translation about.highlight1_stat about.highlight1_stat
i18next.min.js:1 i18next::translator: missingKey fr translation about.highlight1_text about.highlight1_text
i18next.min.js:1 i18next::translator: missingKey fr translation about.highlight2_stat about.highlight2_stat
i18next.min.js:1 i18next::translator: missingKey fr translation about.highlight2_text about.highlight2_text
i18next.min.js:1 i18next::translator: missingKey fr translation about.highlight3_stat about.highlight3_stat
i18next.min.js:1 i18next::translator: missingKey fr translation about.highlight3_text about.highlight3_text
i18next.min.js:1 i18next::translator: missingKey fr translation gallery.section_title gallery.section_title
i18next.min.js:1 i18next::translator: missingKey fr translation gallery.p1 gallery.p1
i18next.min.js:1 i18next::translator: missingKey fr translation gallery.item1 gallery.item1
i18next.min.js:1 i18next::translator: missingKey fr translation gallery.item2 gallery.item2
i18next.min.js:1 i18next::translator: missingKey fr translation gallery.item3 gallery.item3
i18next.min.js:1 i18next::translator: missingKey fr translation gallery.item4 gallery.item4
i18next.min.js:1 i18next::translator: missingKey fr translation gallery.item5 gallery.item5
i18next.min.js:1 i18next::translator: missingKey fr translation gallery.item6 gallery.item6
i18next.min.js:1 i18next::translator: missingKey fr translation booking.section_title booking.section_title
i18next.min.js:1 i18next::translator: missingKey fr translation booking.service_label booking.service_label
i18next.min.js:1 i18next::translator: missingKey fr translation booking.service_option_default booking.service_option_default
i18next.min.js:1 i18next::translator: missingKey fr translation booking.service_option1 booking.service_option1
i18next.min.js:1 i18next::translator: missingKey fr translation booking.service_option2 booking.service_option2
i18next.min.js:1 i18next::translator: missingKey fr translation booking.service_option3 booking.service_option3
i18next.min.js:1 i18next::translator: missingKey fr translation booking.date_label booking.date_label
i18next.min.js:1 i18next::translator: missingKey fr translation booking.date_placeholder booking.date_placeholder
i18next.min.js:1 i18next::translator: missingKey fr translation booking.people_label booking.people_label
i18next.min.js:1 i18next::translator: missingKey fr translation booking.people_option_default booking.people_option_default
i18next.min.js:1 i18next::translator: missingKey fr translation booking.people_option1 booking.people_option1
i18next.min.js:1 i18next::translator: missingKey fr translation booking.people_option2 booking.people_option2
i18next.min.js:1 i18next::translator: missingKey fr translation booking.people_option3 booking.people_option3
i18next.min.js:1 i18next::translator: missingKey fr translation booking.people_option4 booking.people_option4
i18next.min.js:1 i18next::translator: missingKey fr translation booking.name_label booking.name_label
i18next.min.js:1 i18next::translator: missingKey fr translation booking.email_label booking.email_label
i18next.min.js:1 i18next::translator: missingKey fr translation booking.phone_label booking.phone_label
i18next.min.js:1 i18next::translator: missingKey fr translation booking.message_label booking.message_label
i18next.min.js:1 i18next::translator: missingKey fr translation booking.message_placeholder booking.message_placeholder
i18next.min.js:1 i18next::translator: missingKey fr translation booking.submit_button booking.submit_button
i18next.min.js:1 i18next::translator: missingKey fr translation footer.contact_title footer.contact_title
i18next.min.js:1 i18next::translator: missingKey fr translation footer.contact_location footer.contact_location
i18next.min.js:1 i18next::translator: missingKey fr translation footer.social_title footer.social_title
i18next.min.js:1 i18next::translator: missingKey fr translation footer.social_fb footer.social_fb
i18next.min.js:1 i18next::translator: missingKey fr translation footer.social_ig footer.social_ig
i18next.min.js:1 i18next::translator: missingKey fr translation footer.services_title footer.services_title
i18next.min.js:1 i18next::translator: missingKey fr translation booking.service_option1 booking.service_option1
i18next.min.js:1 i18next::translator: missingKey fr translation booking.service_option2 booking.service_option2
i18next.min.js:1 i18next::translator: missingKey fr translation booking.service_option3 booking.service_option3
i18next.min.js:1 i18next::translator: missingKey fr translation footer.schedules_title footer.schedules_title
i18next.min.js:1 i18next::translator: missingKey fr translation footer.schedules_p1 footer.schedules_p1
i18next.min.js:1 i18next::translator: missingKey fr translation footer.schedules_p2 footer.schedules_p2
i18next.min.js:1 i18next::translator: missingKey fr translation footer.schedules_p3 footer.schedules_p3
i18next.min.js:1 i18next::translator: missingKey fr translation footer.copyright footer.copyright
i18next.min.js:1 i18next::translator: missingKey fr translation footer.legal footer.legal
